2022-04-21 13:41:25,542 | MainThread   | [DEBUG   ] | run                 |: Python version: 3.10.4 (tags/v3.10.4:9d38120, Mar 23 2022, 23:13:41) [MSC v.1929 64 bit (AMD64)]
2022-04-21 13:41:25,550 | MainThread   | [DEBUG   ] | run                 |: Parameters used:
2022-04-21 13:41:25,550 | MainThread   | [DEBUG   ] | run                 |: Symbol               : o
2022-04-21 13:41:25,551 | MainThread   | [DEBUG   ] | run                 |: Symbol size          : 5
2022-04-21 13:41:25,551 | MainThread   | [DEBUG   ] | run                 |: Line thickness       : 2
2022-04-21 13:41:25,551 | MainThread   | [DEBUG   ] | run                 |: Position tolerance   : 0.03
2022-04-21 13:41:25,552 | MainThread   | [DEBUG   ] | run                 |: ------------------

2022-04-21 13:42:29,850 | MainThread   | [DEBUG   ] | reset_all_plots     |: Resetting trajectory plots...
2022-04-21 13:46:35,405 | MainThread   | [DEBUG   ] | run                 |: Python version: 3.10.4 (tags/v3.10.4:9d38120, Mar 23 2022, 23:13:41) [MSC v.1929 64 bit (AMD64)]
2022-04-21 13:46:35,407 | MainThread   | [DEBUG   ] | run                 |: Parameters used:
2022-04-21 13:46:35,408 | MainThread   | [DEBUG   ] | run                 |: Symbol               : o
2022-04-21 13:46:35,408 | MainThread   | [DEBUG   ] | run                 |: Symbol size          : 5
2022-04-21 13:46:35,408 | MainThread   | [DEBUG   ] | run                 |: Line thickness       : 2
2022-04-21 13:46:35,409 | MainThread   | [DEBUG   ] | run                 |: Position tolerance   : 0.03
2022-04-21 13:46:35,410 | MainThread   | [DEBUG   ] | run                 |: ------------------

2022-04-21 13:46:37,164 | MainThread   | [DEBUG   ] | reset_all_plots     |: Resetting trajectory plots...
2022-04-21 13:47:33,185 | MainThread   | [DEBUG   ] | run                 |: Python version: 3.10.4 (tags/v3.10.4:9d38120, Mar 23 2022, 23:13:41) [MSC v.1929 64 bit (AMD64)]
2022-04-21 13:47:33,186 | MainThread   | [DEBUG   ] | run                 |: Parameters used:
2022-04-21 13:47:33,187 | MainThread   | [DEBUG   ] | run                 |: Symbol               : o
2022-04-21 13:47:33,188 | MainThread   | [DEBUG   ] | run                 |: Symbol size          : 5
2022-04-21 13:47:33,188 | MainThread   | [DEBUG   ] | run                 |: Line thickness       : 2
2022-04-21 13:47:33,188 | MainThread   | [DEBUG   ] | run                 |: Position tolerance   : 0.03
2022-04-21 13:47:33,189 | MainThread   | [DEBUG   ] | run                 |: ------------------

2022-04-21 13:49:51,680 | MainThread   | [DEBUG   ] | reset_all_plots     |: Resetting trajectory plots...
2022-04-21 13:51:23,318 | MainThread   | [DEBUG   ] | run                 |: Python version: 3.10.4 (tags/v3.10.4:9d38120, Mar 23 2022, 23:13:41) [MSC v.1929 64 bit (AMD64)]
2022-04-21 13:51:23,319 | MainThread   | [DEBUG   ] | run                 |: Parameters used:
2022-04-21 13:51:23,320 | MainThread   | [DEBUG   ] | run                 |: Symbol               : o
2022-04-21 13:51:23,320 | MainThread   | [DEBUG   ] | run                 |: Symbol size          : 5
2022-04-21 13:51:23,320 | MainThread   | [DEBUG   ] | run                 |: Line thickness       : 2
2022-04-21 13:51:23,322 | MainThread   | [DEBUG   ] | run                 |: Position tolerance   : 0.03
2022-04-21 13:51:23,322 | MainThread   | [DEBUG   ] | run                 |: ------------------

2022-04-21 13:51:49,917 | MainThread   | [DEBUG   ] | reset_all_plots     |: Resetting trajectory plots...
2022-04-21 13:54:48,417 | MainThread   | [DEBUG   ] | run                 |: Python version: 3.10.4 (tags/v3.10.4:9d38120, Mar 23 2022, 23:13:41) [MSC v.1929 64 bit (AMD64)]
2022-04-21 13:54:48,422 | MainThread   | [DEBUG   ] | run                 |: Parameters used:
2022-04-21 13:54:48,424 | MainThread   | [DEBUG   ] | run                 |: Symbol               : o
2022-04-21 13:54:48,430 | MainThread   | [DEBUG   ] | run                 |: Symbol size          : 5
2022-04-21 13:54:48,434 | MainThread   | [DEBUG   ] | run                 |: Line thickness       : 2
2022-04-21 13:54:48,435 | MainThread   | [DEBUG   ] | run                 |: Position tolerance   : 0.03
2022-04-21 13:54:48,437 | MainThread   | [DEBUG   ] | run                 |: ------------------

2022-04-21 13:55:32,289 | MainThread   | [DEBUG   ] | reset_all_plots     |: Resetting trajectory plots...
2022-04-21 13:57:18,770 | MainThread   | [DEBUG   ] | reset_all_plots     |: Resetting trajectory plots...
2022-04-21 14:20:21,488 | MainThread   | [DEBUG   ] | reset_all_plots     |: Resetting trajectory plots...
2022-04-21 14:32:26,023 | MainThread   | [DEBUG   ] | reset_all_plots     |: Resetting trajectory plots...
2022-04-21 14:33:41,286 | MainThread   | [DEBUG   ] | reset_all_plots     |: Resetting trajectory plots...
2022-04-21 14:34:01,612 | MainThread   | [DEBUG   ] | reset_all_plots     |: Resetting trajectory plots...
2022-04-21 14:34:17,815 | MainThread   | [DEBUG   ] | reset_all_plots     |: Resetting trajectory plots...
2022-04-21 14:35:23,255 | MainThread   | [DEBUG   ] | reset_all_plots     |: Resetting trajectory plots...
2022-04-21 14:36:13,079 | MainThread   | [DEBUG   ] | reset_all_plots     |: Resetting trajectory plots...
2022-04-21 14:37:51,103 | MainThread   | [DEBUG   ] | reset_all_plots     |: Resetting trajectory plots...
2022-04-21 14:38:33,165 | MainThread   | [DEBUG   ] | reset_all_plots     |: Resetting trajectory plots...
2022-04-21 14:41:14,946 | MainThread   | [DEBUG   ] | reset_all_plots     |: Resetting trajectory plots...
2022-04-21 14:43:07,188 | MainThread   | [DEBUG   ] | reset_all_plots     |: Resetting trajectory plots...
2022-04-21 14:45:28,587 | MainThread   | [DEBUG   ] | reset_all_plots     |: Resetting trajectory plots...
2022-04-21 14:55:46,629 | MainThread   | [DEBUG   ] | reset_all_plots     |: Resetting trajectory plots...
2022-04-21 15:08:12,222 | MainThread   | [DEBUG   ] | run                 |: Exiting gracefully...
2022-04-21 15:08:25,798 | MainThread   | [DEBUG   ] | run                 |: Python version: 3.10.4 (tags/v3.10.4:9d38120, Mar 23 2022, 23:13:41) [MSC v.1929 64 bit (AMD64)]
2022-04-21 15:08:25,800 | MainThread   | [DEBUG   ] | run                 |: Parameters used:
2022-04-21 15:08:25,801 | MainThread   | [DEBUG   ] | run                 |: Symbol               : o
2022-04-21 15:08:25,801 | MainThread   | [DEBUG   ] | run                 |: Symbol size          : 5
2022-04-21 15:08:25,802 | MainThread   | [DEBUG   ] | run                 |: Line thickness       : 2
2022-04-21 15:08:25,802 | MainThread   | [DEBUG   ] | run                 |: Position tolerance   : 0.03
2022-04-21 15:08:25,804 | MainThread   | [DEBUG   ] | run                 |: ------------------

2022-04-21 17:33:12,574 | MainThread   | [DEBUG   ] | reset_all_plots     |: Resetting trajectory plots...
2022-04-21 17:34:34,145 | MainThread   | [DEBUG   ] | reset_all_plots     |: Resetting trajectory plots...
2022-04-21 17:35:09,814 | MainThread   | [DEBUG   ] | reset_all_plots     |: Resetting trajectory plots...
2022-04-21 17:35:31,697 | MainThread   | [DEBUG   ] | reset_all_plots     |: Resetting trajectory plots...
2022-04-21 17:58:52,264 | MainThread   | [DEBUG   ] | reset_all_plots     |: Resetting trajectory plots...
2022-04-21 17:59:19,976 | MainThread   | [DEBUG   ] | run                 |: Python version: 3.10.4 (tags/v3.10.4:9d38120, Mar 23 2022, 23:13:41) [MSC v.1929 64 bit (AMD64)]
2022-04-21 17:59:19,978 | MainThread   | [DEBUG   ] | run                 |: Parameters used:
2022-04-21 17:59:19,978 | MainThread   | [DEBUG   ] | run                 |: Symbol               : o
2022-04-21 17:59:19,978 | MainThread   | [DEBUG   ] | run                 |: Symbol size          : 5
2022-04-21 17:59:19,978 | MainThread   | [DEBUG   ] | run                 |: Line thickness       : 2
2022-04-21 17:59:19,979 | MainThread   | [DEBUG   ] | run                 |: Position tolerance   : 0.03
2022-04-21 17:59:19,979 | MainThread   | [DEBUG   ] | run                 |: ------------------

2022-04-21 18:00:28,205 | MainThread   | [DEBUG   ] | reset_all_plots     |: Resetting trajectory plots...
2022-04-21 18:05:41,921 | MainThread   | [DEBUG   ] | reset_all_plots     |: Resetting trajectory plots...
2022-04-21 18:07:06,156 | MainThread   | [DEBUG   ] | reset_all_plots     |: Resetting trajectory plots...
2022-04-21 18:08:01,985 | MainThread   | [DEBUG   ] | reset_all_plots     |: Resetting trajectory plots...
2022-04-21 18:09:47,777 | MainThread   | [DEBUG   ] | reset_all_plots     |: Resetting trajectory plots...
2022-04-21 18:13:36,372 | MainThread   | [DEBUG   ] | reset_all_plots     |: Resetting trajectory plots...
2022-04-21 18:14:56,317 | MainThread   | [DEBUG   ] | reset_all_plots     |: Resetting trajectory plots...
2022-04-21 18:15:16,904 | MainThread   | [DEBUG   ] | reset_all_plots     |: Resetting trajectory plots...
2022-04-21 18:16:38,147 | MainThread   | [DEBUG   ] | reset_all_plots     |: Resetting trajectory plots...
2022-04-21 18:17:03,971 | MainThread   | [DEBUG   ] | reset_all_plots     |: Resetting trajectory plots...
2022-04-21 18:17:30,906 | MainThread   | [DEBUG   ] | reset_all_plots     |: Resetting trajectory plots...
2022-04-21 18:18:37,007 | MainThread   | [DEBUG   ] | reset_all_plots     |: Resetting trajectory plots...
2022-04-21 18:19:45,666 | MainThread   | [DEBUG   ] | reset_all_plots     |: Resetting trajectory plots...
2022-04-25 12:43:59,808 | MainThread   | [DEBUG   ] | reset_all_plots     |: Resetting trajectory plots...
2022-04-25 12:54:49,613 | MainThread   | [DEBUG   ] | reset_all_plots     |: Resetting trajectory plots...
2022-04-25 13:06:20,961 | MainThread   | [DEBUG   ] | reset_all_plots     |: Resetting trajectory plots...
2022-04-25 13:11:36,444 | MainThread   | [DEBUG   ] | run                 |: Python version: 3.10.4 (tags/v3.10.4:9d38120, Mar 23 2022, 23:13:41) [MSC v.1929 64 bit (AMD64)]
2022-04-25 13:11:36,453 | MainThread   | [DEBUG   ] | run                 |: Parameters used:
2022-04-25 13:11:36,454 | MainThread   | [DEBUG   ] | run                 |: Symbol               : o
2022-04-25 13:11:36,454 | MainThread   | [DEBUG   ] | run                 |: Symbol size          : 5
2022-04-25 13:11:36,455 | MainThread   | [DEBUG   ] | run                 |: Line thickness       : 2
2022-04-25 13:11:36,455 | MainThread   | [DEBUG   ] | run                 |: Position tolerance   : 0.03
2022-04-25 13:11:36,456 | MainThread   | [DEBUG   ] | run                 |: ------------------

2022-04-25 13:13:34,392 | MainThread   | [DEBUG   ] | reset_all_plots     |: Resetting trajectory plots...
2022-04-28 14:39:17,197 | MainThread   | [DEBUG   ] | run                 |: Python version: 3.10.4 (tags/v3.10.4:9d38120, Mar 23 2022, 23:13:41) [MSC v.1929 64 bit (AMD64)]
2022-04-28 14:39:17,206 | MainThread   | [DEBUG   ] | run                 |: Parameters used:
2022-04-28 14:39:17,206 | MainThread   | [DEBUG   ] | run                 |: Symbol               : o
2022-04-28 14:39:17,206 | MainThread   | [DEBUG   ] | run                 |: Symbol size          : 5
2022-04-28 14:39:17,207 | MainThread   | [DEBUG   ] | run                 |: Line thickness       : 2
2022-04-28 14:39:17,207 | MainThread   | [DEBUG   ] | run                 |: Position tolerance   : 0.03
2022-04-28 14:39:17,207 | MainThread   | [DEBUG   ] | run                 |: ------------------

2022-04-28 14:39:48,360 | MainThread   | [DEBUG   ] | reset_all_plots     |: Resetting trajectory plots...
2022-04-28 14:41:46,041 | MainThread   | [DEBUG   ] | reset_all_plots     |: Resetting trajectory plots...
2022-04-28 14:42:17,761 | MainThread   | [DEBUG   ] | reset_all_plots     |: Resetting trajectory plots...
2022-04-28 14:43:02,133 | MainThread   | [DEBUG   ] | reset_all_plots     |: Resetting trajectory plots...
2022-04-28 14:46:53,222 | MainThread   | [DEBUG   ] | run                 |: Python version: 3.10.4 (tags/v3.10.4:9d38120, Mar 23 2022, 23:13:41) [MSC v.1929 64 bit (AMD64)]
2022-04-28 14:46:53,224 | MainThread   | [DEBUG   ] | run                 |: Parameters used:
2022-04-28 14:46:53,224 | MainThread   | [DEBUG   ] | run                 |: Symbol               : o
2022-04-28 14:46:53,225 | MainThread   | [DEBUG   ] | run                 |: Symbol size          : 5
2022-04-28 14:46:53,225 | MainThread   | [DEBUG   ] | run                 |: Line thickness       : 2
2022-04-28 14:46:53,225 | MainThread   | [DEBUG   ] | run                 |: Position tolerance   : 0.03
2022-04-28 14:46:53,226 | MainThread   | [DEBUG   ] | run                 |: ------------------

2022-04-28 14:47:28,607 | MainThread   | [DEBUG   ] | run                 |: Exiting gracefully...
2022-04-28 14:47:44,649 | MainThread   | [DEBUG   ] | reset_all_plots     |: Resetting trajectory plots...
2022-04-28 14:54:35,344 | MainThread   | [DEBUG   ] | reset_all_plots     |: Resetting trajectory plots...
